[debug] [2019-09-24T16:31:39.127Z] ----------------------------------------------------------------------
[debug] [2019-09-24T16:31:39.130Z] Command:       /usr/local/bin/node /usr/local/bin/firebase init
[debug] [2019-09-24T16:31:39.130Z] CLI Version:   7.3.2
[debug] [2019-09-24T16:31:39.130Z] Platform:      darwin
[debug] [2019-09-24T16:31:39.130Z] Node Version:  v8.12.0
[debug] [2019-09-24T16:31:39.131Z] Time:          Tue Sep 24 2019 09:31:39 GMT-0700 (PDT)
[debug] [2019-09-24T16:31:39.131Z] ----------------------------------------------------------------------
[debug] 
[debug] [2019-09-24T16:31:39.137Z] > command requires scopes: ["email","openid","https://www.googleapis.com/auth/cloudplatformprojects.readonly","https://www.googleapis.com/auth/firebase","https://www.googleapis.com/auth/cloud-platform"]
[debug] [2019-09-24T16:31:39.137Z] > authorizing via signed-in user
[info] 
     ######## #### ########  ######## ########     ###     ######  ########
     ##        ##  ##     ## ##       ##     ##  ##   ##  ##       ##
     ######    ##  ########  ######   ########  #########  ######  ######
     ##        ##  ##    ##  ##       ##     ## ##     ##       ## ##
     ##       #### ##     ## ######## ########  ##     ##  ######  ########

You're about to initialize a Firebase project in this directory:

  /Users/Guest/Desktop/pot-luck

[info] 
=== Project Setup
[info] 
[info] First, let's associate this project directory with a Firebase project.
[info] You can create multiple project aliases by running firebase use --add, 
[info] but for now we'll just set up a default project.
[info] 
[info] i  If you want to create a project in a Google Cloud organization or folder, please use "firebase projects:create" instead, and return to this command when you've created the project.
[debug] [2019-09-24T16:32:03.892Z] >>> HTTP REQUEST POST https://cloudresourcemanager.googleapis.com/v1/projects  

[debug] [2019-09-24T16:32:04.189Z] <<< HTTP RESPONSE 409
[debug] [2019-09-24T16:32:04.190Z] <<< HTTP RESPONSE BODY
[debug] [2019-09-24T16:32:04.191Z] HTTP Error: 409, Requested entity already exists
[debug] [2019-09-24T16:32:04.239Z] FirebaseError: HTTP Error: 409, Requested entity already exists
    at module.exports (/usr/local/lib/node_modules/firebase-tools/lib/responseToError.js:38:12)
    at Request._callback (/usr/local/lib/node_modules/firebase-tools/lib/api.js:39:35)
    at Request.self.callback (/usr/local/lib/node_modules/firebase-tools/node_modules/request/request.js:185:22)
    at emitTwo (events.js:126:13)
    at Request.emit (events.js:214:7)
    at Request.<anonymous> (/usr/local/lib/node_modules/firebase-tools/node_modules/request/request.js:1161:10)
    at emitOne (events.js:116:13)
    at Request.emit (events.js:211:7)
    at IncomingMessage.<anonymous> (/usr/local/lib/node_modules/firebase-tools/node_modules/request/request.js:1083:12)
    at Object.onceWrapper (events.js:313:30)
[error] 
[error] Error: Failed to create Google Cloud project. See firebase-debug.log for more info.
[debug] [2019-09-24T16:32:12.598Z] ----------------------------------------------------------------------
[debug] [2019-09-24T16:32:12.600Z] Command:       /usr/local/bin/node /usr/local/bin/firebase init
[debug] [2019-09-24T16:32:12.601Z] CLI Version:   7.3.2
[debug] [2019-09-24T16:32:12.601Z] Platform:      darwin
[debug] [2019-09-24T16:32:12.601Z] Node Version:  v8.12.0
[debug] [2019-09-24T16:32:12.601Z] Time:          Tue Sep 24 2019 09:32:12 GMT-0700 (PDT)
[debug] [2019-09-24T16:32:12.601Z] ----------------------------------------------------------------------
[debug] 
[debug] [2019-09-24T16:32:12.607Z] > command requires scopes: ["email","openid","https://www.googleapis.com/auth/cloudplatformprojects.readonly","https://www.googleapis.com/auth/firebase","https://www.googleapis.com/auth/cloud-platform"]
[debug] [2019-09-24T16:32:12.608Z] > authorizing via signed-in user
[info] 
     ######## #### ########  ######## ########     ###     ######  ########
     ##        ##  ##     ## ##       ##     ##  ##   ##  ##       ##
     ######    ##  ########  ######   ########  #########  ######  ######
     ##        ##  ##    ##  ##       ##     ## ##     ##       ## ##
     ##       #### ##     ## ######## ########  ##     ##  ######  ########

You're about to initialize a Firebase project in this directory:

  /Users/Guest/Desktop/pot-luck

[info] 
=== Project Setup
[info] 
[info] First, let's associate this project directory with a Firebase project.
[info] You can create multiple project aliases by running firebase use --add, 
[info] but for now we'll just set up a default project.
[info] 
[info] i  If you want to create a project in a Google Cloud organization or folder, please use "firebase projects:create" instead, and return to this command when you've created the project.
[debug] [2019-09-24T16:32:31.052Z] >>> HTTP REQUEST POST https://cloudresourcemanager.googleapis.com/v1/projects  

[debug] [2019-09-24T16:32:31.235Z] <<< HTTP RESPONSE 409
[debug] [2019-09-24T16:32:31.235Z] <<< HTTP RESPONSE BODY
[debug] [2019-09-24T16:32:31.237Z] HTTP Error: 409, Requested entity already exists
[debug] [2019-09-24T16:32:31.286Z] FirebaseError: HTTP Error: 409, Requested entity already exists
    at module.exports (/usr/local/lib/node_modules/firebase-tools/lib/responseToError.js:38:12)
    at Request._callback (/usr/local/lib/node_modules/firebase-tools/lib/api.js:39:35)
    at Request.self.callback (/usr/local/lib/node_modules/firebase-tools/node_modules/request/request.js:185:22)
    at emitTwo (events.js:126:13)
    at Request.emit (events.js:214:7)
    at Request.<anonymous> (/usr/local/lib/node_modules/firebase-tools/node_modules/request/request.js:1161:10)
    at emitOne (events.js:116:13)
    at Request.emit (events.js:211:7)
    at IncomingMessage.<anonymous> (/usr/local/lib/node_modules/firebase-tools/node_modules/request/request.js:1083:12)
    at Object.onceWrapper (events.js:313:30)
[error] 
[error] Error: Failed to create Google Cloud project. See firebase-debug.log for more info.
[debug] [2019-09-24T16:39:07.753Z] ----------------------------------------------------------------------
[debug] [2019-09-24T16:39:07.755Z] Command:       /usr/local/bin/node /usr/local/bin/firebase init
[debug] [2019-09-24T16:39:07.755Z] CLI Version:   7.3.2
[debug] [2019-09-24T16:39:07.756Z] Platform:      darwin
[debug] [2019-09-24T16:39:07.756Z] Node Version:  v8.12.0
[debug] [2019-09-24T16:39:07.756Z] Time:          Tue Sep 24 2019 09:39:07 GMT-0700 (PDT)
[debug] [2019-09-24T16:39:07.756Z] ----------------------------------------------------------------------
[debug] 
[debug] [2019-09-24T16:39:07.762Z] > command requires scopes: ["email","openid","https://www.googleapis.com/auth/cloudplatformprojects.readonly","https://www.googleapis.com/auth/firebase","https://www.googleapis.com/auth/cloud-platform"]
[debug] [2019-09-24T16:39:07.762Z] > authorizing via signed-in user
[info] 
     ######## #### ########  ######## ########     ###     ######  ########
     ##        ##  ##     ## ##       ##     ##  ##   ##  ##       ##
     ######    ##  ########  ######   ########  #########  ######  ######
     ##        ##  ##    ##  ##       ##     ## ##     ##       ## ##
     ##       #### ##     ## ######## ########  ##     ##  ######  ########

You're about to initialize a Firebase project in this directory:

  /Users/Guest/Desktop/pot-luck

[info] 
=== Project Setup
[info] 
[info] First, let's associate this project directory with a Firebase project.
[info] You can create multiple project aliases by running firebase use --add, 
[info] but for now we'll just set up a default project.
[info] 
[info] i  If you want to create a project in a Google Cloud organization or folder, please use "firebase projects:create" instead, and return to this command when you've created the project.
[debug] [2019-09-24T16:39:43.884Z] >>> HTTP REQUEST POST https://cloudresourcemanager.googleapis.com/v1/projects  

[debug] [2019-09-24T16:39:44.145Z] <<< HTTP RESPONSE 409
[debug] [2019-09-24T16:39:44.145Z] <<< HTTP RESPONSE BODY
[debug] [2019-09-24T16:39:44.146Z] HTTP Error: 409, Requested entity already exists
[debug] [2019-09-24T16:39:44.197Z] FirebaseError: HTTP Error: 409, Requested entity already exists
    at module.exports (/usr/local/lib/node_modules/firebase-tools/lib/responseToError.js:38:12)
    at Request._callback (/usr/local/lib/node_modules/firebase-tools/lib/api.js:39:35)
    at Request.self.callback (/usr/local/lib/node_modules/firebase-tools/node_modules/request/request.js:185:22)
    at emitTwo (events.js:126:13)
    at Request.emit (events.js:214:7)
    at Request.<anonymous> (/usr/local/lib/node_modules/firebase-tools/node_modules/request/request.js:1161:10)
    at emitOne (events.js:116:13)
    at Request.emit (events.js:211:7)
    at IncomingMessage.<anonymous> (/usr/local/lib/node_modules/firebase-tools/node_modules/request/request.js:1083:12)
    at Object.onceWrapper (events.js:313:30)
[error] 
[error] Error: Failed to create Google Cloud project. See firebase-debug.log for more info.
